# JRE version: Java(TM) SE Runtime Environment (8.0_101-b13) (build 1.8.0_101-b13)
# Java VM: Java HotSpot(TM) 64-Bit Server VM (25.101-b13 mixed mode bsd-amd64 compressed oops)
Heap:
 PSYoungGen      total 310784K, used 26671K [0x0000000795580000, 0x00000007aef80000, 0x00000007c0000000)
  eden space 299520K, 8% used [0x0000000795580000,0x0000000796f8bff0,0x00000007a7a00000)
  from space 11264K, 0% used [0x00000007a7a00000,0x00000007a7a00000,0x00000007a8500000)
  to   space 13824K, 0% used [0x00000007ae200000,0x00000007ae200000,0x00000007aef80000)
 ParOldGen       total 103424K, used 21789K [0x0000000740000000, 0x0000000746500000, 0x0000000795580000)
  object space 103424K, 21% used [0x0000000740000000,0x00000007415477a0,0x0000000746500000)
 Metaspace       used 56723K, capacity 59728K, committed 59816K, reserved 1101824K
  class space    used 7853K, capacity 8366K, committed 8368K, reserved 1048576K
GC Heap History (10 events):
Event: 7.484 GC heap before
{Heap before GC invocations=10 (full 1):
 PSYoungGen      total 227840K, used 42991K [0x0000000795580000, 0x00000007a4280000, 0x00000007c0000000)
  eden space 220160K, 16% used [0x0000000795580000,0x00000007977fe900,0x00000007a2c80000)
  from space 7680K, 99% used [0x00000007a3b00000,0x00000007a427d560,0x00000007a4280000)
  to   space 9216K, 0% used [0x00000007a3080000,0x00000007a3080000,0x00000007a3980000)
 ParOldGen       total 49152K, used 5717K [0x0000000740000000, 0x0000000743000000, 0x0000000795580000)
  object space 49152K, 11% used [0x0000000740000000,0x0000000740595568,0x0000000743000000)
 Metaspace       used 33566K, capacity 35454K, committed 35496K, reserved 1079296K
  class space    used 4390K, capacity 4755K, committed 4784K, reserved 1048576K
Event: 7.494 GC heap after
Heap after GC invocations=10 (full 1):
 PSYoungGen      total 233472K, used 6038K [0x0000000795580000, 0x00000007a9000000, 0x00000007c0000000)
  eden space 224256K, 0% used [0x0000000795580000,0x0000000795580000,0x00000007a3080000)
  from space 9216K, 65% used [0x00000007a3080000,0x00000007a3665aa8,0x00000007a3980000)
  to   space 9216K, 0% used [0x00000007a8700000,0x00000007a8700000,0x00000007a9000000)
 ParOldGen       total 49152K, used 5725K [0x0000000740000000, 0x0000000743000000, 0x0000000795580000)
  object space 49152K, 11% used [0x0000000740000000,0x0000000740597568,0x0000000743000000)
 Metaspace       used 33566K, capacity 35454K, committed 35496K, reserved 1079296K
  class space    used 4390K, capacity 4755K, committed 4784K, reserved 1048576K
}
Event: 7.494 GC heap before
{Heap before GC invocations=11 (full 2):
 PSYoungGen      total 233472K, used 6038K [0x0000000795580000, 0x00000007a9000000, 0x00000007c0000000)
  eden space 224256K, 0% used [0x0000000795580000,0x0000000795580000,0x00000007a3080000)
  from space 9216K, 65% used [0x00000007a3080000,0x00000007a3665aa8,0x00000007a3980000)
  to   space 9216K, 0% used [0x00000007a8700000,0x00000007a8700000,0x00000007a9000000)
 ParOldGen       total 49152K, used 5725K [0x0000000740000000, 0x0000000743000000, 0x0000000795580000)
  object space 49152K, 11% used [0x0000000740000000,0x0000000740597568,0x0000000743000000)
 Metaspace       used 33566K, capacity 35454K, committed 35496K, reserved 1079296K
  class space    used 4390K, capacity 4755K, committed 4784K, reserved 1048576K
Event: 7.549 GC heap after
Heap after GC invocations=11 (full 2):
 PSYoungGen      total 233472K, used 0K [0x0000000795580000, 0x00000007a9000000, 0x00000007c0000000)
  eden space 224256K, 0% used [0x0000000795580000,0x0000000795580000,0x00000007a3080000)
  from space 9216K, 0% used [0x00000007a3080000,0x00000007a3080000,0x00000007a3980000)
  to   space 9216K, 0% used [0x00000007a8700000,0x00000007a8700000,0x00000007a9000000)
 ParOldGen       total 71680K, used 10652K [0x0000000740000000, 0x0000000744600000, 0x0000000795580000)
  object space 71680K, 14% used [0x0000000740000000,0x0000000740a673f8,0x0000000744600000)
 Metaspace       used 33566K, capacity 35454K, committed 35496K, reserved 1079296K
  class space    used 4390K, capacity 4755K, committed 4784K, reserved 1048576K
}
Event: 11.563 GC heap before
{Heap before GC invocations=12 (full 2):
 PSYoungGen      total 233472K, used 224256K [0x0000000795580000, 0x00000007a9000000, 0x00000007c0000000)
  eden space 224256K, 100% used [0x0000000795580000,0x00000007a3080000,0x00000007a3080000)
  from space 9216K, 0% used [0x00000007a3080000,0x00000007a3080000,0x00000007a3980000)
  to   space 9216K, 0% used [0x00000007a8700000,0x00000007a8700000,0x00000007a9000000)
 ParOldGen       total 71680K, used 10652K [0x0000000740000000, 0x0000000744600000, 0x0000000795580000)
  object space 71680K, 14% used [0x0000000740000000,0x0000000740a673f8,0x0000000744600000)
 Metaspace       used 45926K, capacity 48042K, committed 48424K, reserved 1091584K
  class space    used 6211K, capacity 6625K, committed 6704K, reserved 1048576K
Event: 11.582 GC heap after
Heap after GC invocations=12 (full 2):
 PSYoungGen      total 308224K, used 9215K [0x0000000795580000, 0x00000007a9000000, 0x00000007c0000000)
  eden space 299008K, 0% used [0x0000000795580000,0x0000000795580000,0x00000007a7980000)
  from space 9216K, 99% used [0x00000007a8700000,0x00000007a8fffe90,0x00000007a9000000)
  to   space 11264K, 0% used [0x00000007a7a00000,0x00000007a7a00000,0x00000007a8500000)
 ParOldGen       total 71680K, used 14000K [0x0000000740000000, 0x0000000744600000, 0x0000000795580000)
  object space 71680K, 19% used [0x0000000740000000,0x0000000740dac128,0x0000000744600000)
 Metaspace       used 45926K, capacity 48042K, committed 48424K, reserved 1091584K
  class space    used 6211K, capacity 6625K, committed 6704K, reserved 1048576K
}
Event: 15.086 GC heap before
{Heap before GC invocations=13 (full 2):
 PSYoungGen      total 308224K, used 229080K [0x0000000795580000, 0x00000007a9000000, 0x00000007c0000000)
  eden space 299008K, 73% used [0x0000000795580000,0x00000007a2c36550,0x00000007a7980000)
  from space 9216K, 99% used [0x00000007a8700000,0x00000007a8fffe90,0x00000007a9000000)
  to   space 11264K, 0% used [0x00000007a7a00000,0x00000007a7a00000,0x00000007a8500000)
 ParOldGen       total 71680K, used 14000K [0x0000000740000000, 0x0000000744600000, 0x0000000795580000)
  object space 71680K, 19% used [0x0000000740000000,0x0000000740dac128,0x0000000744600000)
 Metaspace       used 56111K, capacity 59016K, committed 59160K, reserved 1099776K
  class space    used 7765K, capacity 8286K, committed 8368K, reserved 1048576K
Event: 15.115 GC heap after
Heap after GC invocations=13 (full 2):
 PSYoungGen      total 310784K, used 11253K [0x0000000795580000, 0x00000007aef80000, 0x00000007c0000000)
  eden space 299520K, 0% used [0x0000000795580000,0x0000000795580000,0x00000007a7a00000)
  from space 11264K, 99% used [0x00000007a7a00000,0x00000007a84fd5b0,0x00000007a8500000)
  to   space 13824K, 0% used [0x00000007ae200000,0x00000007ae200000,0x00000007aef80000)
 ParOldGen       total 71680K, used 16986K [0x0000000740000000, 0x0000000744600000, 0x0000000795580000)
  object space 71680K, 23% used [0x0000000740000000,0x0000000741096b60,0x0000000744600000)
 Metaspace       used 56111K, capacity 59016K, committed 59160K, reserved 1099776K
  class space    used 7765K, capacity 8286K, committed 8368K, reserved 1048576K
}
Event: 15.115 GC heap before
{Heap before GC invocations=14 (full 3):
 PSYoungGen      total 310784K, used 11253K [0x0000000795580000, 0x00000007aef80000, 0x00000007c0000000)
  eden space 299520K, 0% used [0x0000000795580000,0x0000000795580000,0x00000007a7a00000)
  from space 11264K, 99% used [0x00000007a7a00000,0x00000007a84fd5b0,0x00000007a8500000)
  to   space 13824K, 0% used [0x00000007ae200000,0x00000007ae200000,0x00000007aef80000)
 ParOldGen       total 71680K, used 16986K [0x0000000740000000, 0x0000000744600000, 0x0000000795580000)
  object space 71680K, 23% used [0x0000000740000000,0x0000000741096b60,0x0000000744600000)
 Metaspace       used 56111K, capacity 59016K, committed 59160K, reserved 1099776K
  class space    used 7765K, capacity 8286K, committed 8368K, reserved 1048576K
Event: 15.280 GC heap after
Heap after GC invocations=14 (full 3):
 PSYoungGen      total 310784K, used 0K [0x0000000795580000, 0x00000007aef80000, 0x00000007c0000000)
  eden space 299520K, 0% used [0x0000000795580000,0x0000000795580000,0x00000007a7a00000)
  from space 11264K, 0% used [0x00000007a7a00000,0x00000007a7a00000,0x00000007a8500000)
  to   space 13824K, 0% used [0x00000007ae200000,0x00000007ae200000,0x00000007aef80000)
 ParOldGen       total 103424K, used 21789K [0x0000000740000000, 0x0000000746500000, 0x0000000795580000)
  object space 103424K, 21% used [0x0000000740000000,0x00000007415477a0,0x0000000746500000)
 Metaspace       used 56111K, capacity 59016K, committed 59160K, reserved 1099776K
  class space    used 7765K, capacity 8286K, committed 8368K, reserved 1048576K
}

